<?xml version="1.0" encoding="UTF-8"?>
<!-- Generated by org.testng.reporters.JUnitReportReporter -->
<testsuite hostname="Sumit" failures="0" tests="3" name="testng.test3" time="193.487" errors="0" timestamp="2022-10-19T18:05:14 IST" skipped="0">
  <testcase classname="testng.test3" name="data" time="75.778"/>
  <system-out/>
  <testcase classname="testng.test3" name="data" time="52.968"/>
  <system-out/>
  <testcase classname="testng.test3" name="data" time="64.741"/>
  <system-out/>
</testsuite> <!-- testng.test3 -->
