<?xml version="1.0" encoding="UTF-8"?>
<!-- Generated by org.testng.reporters.JUnitReportReporter -->
<testsuite hostname="Sumit" failures="0" tests="1" name="testng.test1" time="12.400" errors="0" timestamp="2022-10-16T23:20:19 IST" skipped="0">
  <testcase classname="testng.test1" name="main" time="12.400"/>
  <system-out>
    <![CDATA[actiTIME - Login
https://demo.actitime.com/login.do]]>
  </system-out>
</testsuite> <!-- testng.test1 -->
