<?xml version="1.0" encoding="UTF-8"?>
<!-- Generated by org.testng.reporters.JUnitReportReporter -->
<testsuite hostname="Sumit" failures="0" tests="1" name="testng.test" time="0.008" errors="0" timestamp="2022-11-04T11:55:05 IST" skipped="0">
  <testcase classname="testng.test" name="demo" time="0.008"/>
  <system-out>
    <![CDATA[hello sumit your girfriend preeti is wating for you]]>
  </system-out>
</testsuite> <!-- testng.test -->
