<?xml version="1.0" encoding="UTF-8"?>
<!-- Generated by org.testng.reporters.JUnitReportReporter -->
<testsuite hostname="Sumit" failures="0" tests="2" name="testng.test2" time="138.524" errors="0" timestamp="2022-10-18T21:28:30 IST" skipped="0">
  <testcase classname="testng.test2" name="demo" time="60.103"/>
  <system-out>
    <![CDATA[actiTIME - Login
https://demo.actitime.com/login.do]]>
  </system-out>
  <testcase classname="testng.test2" name="demo" time="78.421"/>
  <system-out>
    <![CDATA[actiTIME - Login
https://demo.actitime.com/login.do]]>
  </system-out>
</testsuite> <!-- testng.test2 -->
