<?xml version="1.0" encoding="UTF-8"?>
<!-- Generated by org.testng.reporters.JUnitReportReporter -->
<testsuite hostname="Sumit" failures="0" tests="3" name="testng.test3" time="182.148" errors="0" timestamp="2022-11-04T11:55:05 IST" skipped="0">
  <testcase classname="testng.test3" name="data" time="74.130"/>
  <system-out/>
  <testcase classname="testng.test3" name="data" time="58.346"/>
  <system-out/>
  <testcase classname="testng.test3" name="data" time="49.672"/>
  <system-out/>
</testsuite> <!-- testng.test3 -->
